SF:lib/main.dart
DA:12,0
DA:13,0
DA:17,1
DA:18,1
DA:24,1
DA:26,1
DA:27,1
DA:30,1
DA:31,2
DA:32,0
DA:33,0
DA:38,1
DA:40,1
DA:41,1
DA:42,1
DA:45,1
DA:46,1
DA:48,1
DA:49,3
DA:50,1
DA:51,2
DA:52,1
DA:53,2
DA:54,1
DA:55,0
DA:56,0
DA:58,1
DA:59,2
DA:60,1
DA:61,2
DA:62,1
DA:64,0
DA:65,0
DA:66,0
DA:74,0
DA:75,0
DA:76,0
DA:77,0
DA:89,0
DA:90,0
DA:91,0
DA:93,0
DA:95,0
DA:97,0
DA:100,0
DA:101,0
DA:102,0
DA:103,0
DA:104,0
DA:105,0
DA:109,0
DA:110,0
DA:112,0
DA:113,0
DA:114,0
DA:115,0
DA:123,0
DA:124,0
DA:125,0
DA:126,0
LF:60
LH:25
end_of_record
